1753339996.716772 client started (132853): version 3.5a, socket /tmp/tmux-1000/default, protocol 8
1753339996.716792 on Linux 6.15.6-200.fc42.x86_64 #1 SMP PREEMPT_DYNAMIC Thu Jul 10 15:22:32 UTC 2025
1753339996.716795 using libevent 2.1.12-stable poll
1753339996.716797 using ncurses 6.5 20240629
1753339996.716809 flags are 0x10010000
1753339996.716817 socket is /tmp/tmux-1000/default
1753339996.716827 trying connect
1753339996.716875 add peer 0x55abeaf631b0: 6 ((nil))
1753339996.717167 sending message 111 to peer 0x55abeaf631b0 (8 bytes)
1753339996.717170 sending message 111 to peer 0x55abeaf631b0 (8 bytes)
1753339996.717172 sending message 101 to peer 0x55abeaf631b0 (14 bytes)
1753339996.717174 sending message 109 to peer 0x55abeaf631b0 (4 bytes)
1753339996.717176 sending message 102 to peer 0x55abeaf631b0 (11 bytes)
1753339996.717178 sending message 108 to peer 0x55abeaf631b0 (24 bytes)
1753339996.717180 sending message 112 to peer 0x55abeaf631b0 (70 bytes)
1753339996.717182 sending message 112 to peer 0x55abeaf631b0 (5 bytes)
1753339996.717184 sending message 112 to peer 0x55abeaf631b0 (5 bytes)
1753339996.717186 sending message 112 to peer 0x55abeaf631b0 (6 bytes)
1753339996.717187 sending message 112 to peer 0x55abeaf631b0 (6 bytes)
1753339996.717189 sending message 112 to peer 0x55abeaf631b0 (11 bytes)
1753339996.717191 sending message 112 to peer 0x55abeaf631b0 (10 bytes)
1753339996.717193 sending message 112 to peer 0x55abeaf631b0 (13 bytes)
1753339996.717195 sending message 112 to peer 0x55abeaf631b0 (13 bytes)
1753339996.717197 sending message 112 to peer 0x55abeaf631b0 (18 bytes)
1753339996.717199 sending message 112 to peer 0x55abeaf631b0 (11 bytes)
1753339996.717200 sending message 112 to peer 0x55abeaf631b0 (10 bytes)
1753339996.717202 sending message 112 to peer 0x55abeaf631b0 (15 bytes)
1753339996.717204 sending message 112 to peer 0x55abeaf631b0 (21 bytes)
1753339996.717206 sending message 112 to peer 0x55abeaf631b0 (13 bytes)
1753339996.717208 sending message 112 to peer 0x55abeaf631b0 (7 bytes)
1753339996.717210 sending message 112 to peer 0x55abeaf631b0 (13 bytes)
1753339996.717212 sending message 112 to peer 0x55abeaf631b0 (7 bytes)
1753339996.717213 sending message 112 to peer 0x55abeaf631b0 (13 bytes)
1753339996.717215 sending message 112 to peer 0x55abeaf631b0 (9 bytes)
1753339996.717217 sending message 112 to peer 0x55abeaf631b0 (21 bytes)
1753339996.717219 sending message 112 to peer 0x55abeaf631b0 (13 bytes)
1753339996.717221 sending message 112 to peer 0x55abeaf631b0 (8 bytes)
1753339996.717223 sending message 112 to peer 0x55abeaf631b0 (12 bytes)
1753339996.717225 sending message 112 to peer 0x55abeaf631b0 (13 bytes)
1753339996.717226 sending message 112 to peer 0x55abeaf631b0 (9 bytes)
1753339996.717228 sending message 112 to peer 0x55abeaf631b0 (9 bytes)
1753339996.717230 sending message 112 to peer 0x55abeaf631b0 (12 bytes)
1753339996.717232 sending message 112 to peer 0x55abeaf631b0 (8 bytes)
1753339996.717234 sending message 112 to peer 0x55abeaf631b0 (8 bytes)
1753339996.717236 sending message 112 to peer 0x55abeaf631b0 (7 bytes)
1753339996.717238 sending message 112 to peer 0x55abeaf631b0 (7 bytes)
1753339996.717240 sending message 112 to peer 0x55abeaf631b0 (9 bytes)
1753339996.717241 sending message 112 to peer 0x55abeaf631b0 (13 bytes)
1753339996.717243 sending message 112 to peer 0x55abeaf631b0 (6 bytes)
1753339996.717245 sending message 112 to peer 0x55abeaf631b0 (9 bytes)
1753339996.717247 sending message 112 to peer 0x55abeaf631b0 (15 bytes)
1753339996.717249 sending message 112 to peer 0x55abeaf631b0 (13 bytes)
1753339996.717251 sending message 112 to peer 0x55abeaf631b0 (12 bytes)
1753339996.717253 sending message 112 to peer 0x55abeaf631b0 (8 bytes)
1753339996.717254 sending message 112 to peer 0x55abeaf631b0 (14 bytes)
1753339996.717256 sending message 112 to peer 0x55abeaf631b0 (11 bytes)
1753339996.717258 sending message 112 to peer 0x55abeaf631b0 (9 bytes)
1753339996.717260 sending message 112 to peer 0x55abeaf631b0 (10 bytes)
1753339996.717262 sending message 112 to peer 0x55abeaf631b0 (10 bytes)
1753339996.717268 sending message 112 to peer 0x55abeaf631b0 (10 bytes)
1753339996.717270 sending message 112 to peer 0x55abeaf631b0 (10 bytes)
1753339996.717272 sending message 112 to peer 0x55abeaf631b0 (11 bytes)
1753339996.717274 sending message 112 to peer 0x55abeaf631b0 (12 bytes)
1753339996.717276 sending message 112 to peer 0x55abeaf631b0 (12 bytes)
1753339996.717278 sending message 112 to peer 0x55abeaf631b0 (12 bytes)
1753339996.717280 sending message 112 to peer 0x55abeaf631b0 (12 bytes)
1753339996.717281 sending message 112 to peer 0x55abeaf631b0 (12 bytes)
1753339996.717283 sending message 112 to peer 0x55abeaf631b0 (11 bytes)
1753339996.717285 sending message 112 to peer 0x55abeaf631b0 (11 bytes)
1753339996.717287 sending message 112 to peer 0x55abeaf631b0 (12 bytes)
1753339996.717289 sending message 112 to peer 0x55abeaf631b0 (12 bytes)
1753339996.717291 sending message 112 to peer 0x55abeaf631b0 (12 bytes)
1753339996.717293 sending message 112 to peer 0x55abeaf631b0 (12 bytes)
1753339996.717294 sending message 112 to peer 0x55abeaf631b0 (12 bytes)
1753339996.717296 sending message 112 to peer 0x55abeaf631b0 (10 bytes)
1753339996.717298 sending message 112 to peer 0x55abeaf631b0 (12 bytes)
1753339996.717300 sending message 112 to peer 0x55abeaf631b0 (13 bytes)
1753339996.717302 sending message 112 to peer 0x55abeaf631b0 (13 bytes)
1753339996.717304 sending message 112 to peer 0x55abeaf631b0 (13 bytes)
1753339996.717305 sending message 112 to peer 0x55abeaf631b0 (13 bytes)
1753339996.717307 sending message 112 to peer 0x55abeaf631b0 (13 bytes)
1753339996.717309 sending message 112 to peer 0x55abeaf631b0 (8 bytes)
1753339996.717311 sending message 112 to peer 0x55abeaf631b0 (11 bytes)
1753339996.717313 sending message 112 to peer 0x55abeaf631b0 (11 bytes)
1753339996.717315 sending message 112 to peer 0x55abeaf631b0 (11 bytes)
1753339996.717316 sending message 112 to peer 0x55abeaf631b0 (12 bytes)
1753339996.717318 sending message 112 to peer 0x55abeaf631b0 (12 bytes)
1753339996.717320 sending message 112 to peer 0x55abeaf631b0 (12 bytes)
1753339996.717322 sending message 112 to peer 0x55abeaf631b0 (12 bytes)
1753339996.717324 sending message 112 to peer 0x55abeaf631b0 (13 bytes)
1753339996.717326 sending message 112 to peer 0x55abeaf631b0 (13 bytes)
1753339996.717327 sending message 112 to peer 0x55abeaf631b0 (13 bytes)
1753339996.717329 sending message 112 to peer 0x55abeaf631b0 (8 bytes)
1753339996.717331 sending message 112 to peer 0x55abeaf631b0 (13 bytes)
1753339996.717333 sending message 112 to peer 0x55abeaf631b0 (13 bytes)
1753339996.717335 sending message 112 to peer 0x55abeaf631b0 (13 bytes)
1753339996.717337 sending message 112 to peer 0x55abeaf631b0 (13 bytes)
1753339996.717339 sending message 112 to peer 0x55abeaf631b0 (13 bytes)
1753339996.717340 sending message 112 to peer 0x55abeaf631b0 (12 bytes)
1753339996.717342 sending message 112 to peer 0x55abeaf631b0 (12 bytes)
1753339996.717344 sending message 112 to peer 0x55abeaf631b0 (12 bytes)
1753339996.717346 sending message 112 to peer 0x55abeaf631b0 (12 bytes)
1753339996.717348 sending message 112 to peer 0x55abeaf631b0 (13 bytes)
1753339996.717350 sending message 112 to peer 0x55abeaf631b0 (8 bytes)
1753339996.717351 sending message 112 to peer 0x55abeaf631b0 (13 bytes)
1753339996.717353 sending message 112 to peer 0x55abeaf631b0 (13 bytes)
1753339996.717355 sending message 112 to peer 0x55abeaf631b0 (13 bytes)
1753339996.717357 sending message 112 to peer 0x55abeaf631b0 (13 bytes)
1753339996.717359 sending message 112 to peer 0x55abeaf631b0 (13 bytes)
1753339996.717361 sending message 112 to peer 0x55abeaf631b0 (13 bytes)
1753339996.717363 sending message 112 to peer 0x55abeaf631b0 (13 bytes)
1753339996.717364 sending message 112 to peer 0x55abeaf631b0 (12 bytes)
1753339996.717366 sending message 112 to peer 0x55abeaf631b0 (12 bytes)
1753339996.717368 sending message 112 to peer 0x55abeaf631b0 (12 bytes)
1753339996.717370 sending message 112 to peer 0x55abeaf631b0 (8 bytes)
1753339996.717372 sending message 112 to peer 0x55abeaf631b0 (12 bytes)
1753339996.717376 sending message 112 to peer 0x55abeaf631b0 (13 bytes)
1753339996.717378 sending message 112 to peer 0x55abeaf631b0 (13 bytes)
1753339996.717380 sending message 112 to peer 0x55abeaf631b0 (13 bytes)
1753339996.717382 sending message 112 to peer 0x55abeaf631b0 (13 bytes)
1753339996.717384 sending message 112 to peer 0x55abeaf631b0 (13 bytes)
1753339996.717385 sending message 112 to peer 0x55abeaf631b0 (13 bytes)
1753339996.717387 sending message 112 to peer 0x55abeaf631b0 (13 bytes)
1753339996.717389 sending message 112 to peer 0x55abeaf631b0 (13 bytes)
1753339996.717391 sending message 112 to peer 0x55abeaf631b0 (12 bytes)
1753339996.717393 sending message 112 to peer 0x55abeaf631b0 (10 bytes)
1753339996.717395 sending message 112 to peer 0x55abeaf631b0 (12 bytes)
1753339996.717396 sending message 112 to peer 0x55abeaf631b0 (12 bytes)
1753339996.717398 sending message 112 to peer 0x55abeaf631b0 (12 bytes)
1753339996.717400 sending message 112 to peer 0x55abeaf631b0 (13 bytes)
1753339996.717402 sending message 112 to peer 0x55abeaf631b0 (13 bytes)
1753339996.717404 sending message 112 to peer 0x55abeaf631b0 (13 bytes)
1753339996.717406 sending message 112 to peer 0x55abeaf631b0 (13 bytes)
1753339996.717408 sending message 112 to peer 0x55abeaf631b0 (13 bytes)
1753339996.717409 sending message 112 to peer 0x55abeaf631b0 (13 bytes)
1753339996.717411 sending message 112 to peer 0x55abeaf631b0 (13 bytes)
1753339996.717413 sending message 112 to peer 0x55abeaf631b0 (10 bytes)
1753339996.717415 sending message 112 to peer 0x55abeaf631b0 (13 bytes)
1753339996.717417 sending message 112 to peer 0x55abeaf631b0 (12 bytes)
1753339996.717419 sending message 112 to peer 0x55abeaf631b0 (12 bytes)
1753339996.717428 sending message 112 to peer 0x55abeaf631b0 (12 bytes)
1753339996.717432 sending message 112 to peer 0x55abeaf631b0 (10 bytes)
1753339996.717434 sending message 112 to peer 0x55abeaf631b0 (10 bytes)
1753339996.717436 sending message 112 to peer 0x55abeaf631b0 (10 bytes)
1753339996.717437 sending message 112 to peer 0x55abeaf631b0 (12 bytes)
1753339996.717439 sending message 112 to peer 0x55abeaf631b0 (13 bytes)
1753339996.717441 sending message 112 to peer 0x55abeaf631b0 (13 bytes)
1753339996.717443 sending message 112 to peer 0x55abeaf631b0 (13 bytes)
1753339996.717445 sending message 112 to peer 0x55abeaf631b0 (13 bytes)
1753339996.717446 sending message 112 to peer 0x55abeaf631b0 (13 bytes)
1753339996.717448 sending message 112 to peer 0x55abeaf631b0 (11 bytes)
1753339996.717450 sending message 112 to peer 0x55abeaf631b0 (11 bytes)
1753339996.717452 sending message 112 to peer 0x55abeaf631b0 (12 bytes)
1753339996.717454 sending message 112 to peer 0x55abeaf631b0 (12 bytes)
1753339996.717456 sending message 112 to peer 0x55abeaf631b0 (12 bytes)
1753339996.717457 sending message 112 to peer 0x55abeaf631b0 (12 bytes)
1753339996.717459 sending message 112 to peer 0x55abeaf631b0 (12 bytes)
1753339996.717461 sending message 112 to peer 0x55abeaf631b0 (11 bytes)
1753339996.717463 sending message 112 to peer 0x55abeaf631b0 (12 bytes)
1753339996.717465 sending message 112 to peer 0x55abeaf631b0 (12 bytes)
1753339996.717467 sending message 112 to peer 0x55abeaf631b0 (13 bytes)
1753339996.717468 sending message 112 to peer 0x55abeaf631b0 (13 bytes)
1753339996.717470 sending message 112 to peer 0x55abeaf631b0 (13 bytes)
1753339996.717472 sending message 112 to peer 0x55abeaf631b0 (13 bytes)
1753339996.717474 sending message 112 to peer 0x55abeaf631b0 (13 bytes)
1753339996.717476 sending message 112 to peer 0x55abeaf631b0 (10 bytes)
1753339996.717477 sending message 112 to peer 0x55abeaf631b0 (9 bytes)
1753339996.717479 sending message 112 to peer 0x55abeaf631b0 (12 bytes)
1753339996.717481 sending message 112 to peer 0x55abeaf631b0 (13 bytes)
1753339996.717483 sending message 112 to peer 0x55abeaf631b0 (13 bytes)
1753339996.717485 sending message 112 to peer 0x55abeaf631b0 (13 bytes)
1753339996.717487 sending message 112 to peer 0x55abeaf631b0 (13 bytes)
1753339996.717488 sending message 112 to peer 0x55abeaf631b0 (13 bytes)
1753339996.717493 sending message 112 to peer 0x55abeaf631b0 (9 bytes)
1753339996.717494 sending message 112 to peer 0x55abeaf631b0 (12 bytes)
1753339996.717496 sending message 112 to peer 0x55abeaf631b0 (13 bytes)
1753339996.717498 sending message 112 to peer 0x55abeaf631b0 (13 bytes)
1753339996.717500 sending message 112 to peer 0x55abeaf631b0 (13 bytes)
1753339996.717502 sending message 112 to peer 0x55abeaf631b0 (13 bytes)
1753339996.717504 sending message 112 to peer 0x55abeaf631b0 (13 bytes)
1753339996.717506 sending message 112 to peer 0x55abeaf631b0 (11 bytes)
1753339996.717507 sending message 112 to peer 0x55abeaf631b0 (12 bytes)
1753339996.717509 sending message 112 to peer 0x55abeaf631b0 (13 bytes)
1753339996.717511 sending message 112 to peer 0x55abeaf631b0 (13 bytes)
1753339996.717513 sending message 112 to peer 0x55abeaf631b0 (13 bytes)
1753339996.717515 sending message 112 to peer 0x55abeaf631b0 (13 bytes)
1753339996.717517 sending message 112 to peer 0x55abeaf631b0 (13 bytes)
1753339996.717518 sending message 112 to peer 0x55abeaf631b0 (11 bytes)
1753339996.717520 sending message 112 to peer 0x55abeaf631b0 (12 bytes)
1753339996.717522 sending message 112 to peer 0x55abeaf631b0 (12 bytes)
1753339996.717524 sending message 112 to peer 0x55abeaf631b0 (12 bytes)
1753339996.717526 sending message 112 to peer 0x55abeaf631b0 (12 bytes)
1753339996.717528 sending message 112 to peer 0x55abeaf631b0 (12 bytes)
1753339996.717530 sending message 112 to peer 0x55abeaf631b0 (21 bytes)
1753339996.717531 sending message 112 to peer 0x55abeaf631b0 (12 bytes)
1753339996.717533 sending message 112 to peer 0x55abeaf631b0 (9 bytes)
1753339996.717535 sending message 112 to peer 0x55abeaf631b0 (6 bytes)
1753339996.717537 sending message 112 to peer 0x55abeaf631b0 (13 bytes)
1753339996.717539 sending message 112 to peer 0x55abeaf631b0 (8 bytes)
1753339996.717541 sending message 112 to peer 0x55abeaf631b0 (15 bytes)
1753339996.717543 sending message 112 to peer 0x55abeaf631b0 (13 bytes)
1753339996.717545 sending message 112 to peer 0x55abeaf631b0 (9 bytes)
1753339996.717547 sending message 112 to peer 0x55abeaf631b0 (70 bytes)
1753339996.717549 sending message 112 to peer 0x55abeaf631b0 (69 bytes)
1753339996.717550 sending message 112 to peer 0x55abeaf631b0 (10 bytes)
1753339996.717552 sending message 112 to peer 0x55abeaf631b0 (10 bytes)
1753339996.717554 sending message 112 to peer 0x55abeaf631b0 (8 bytes)
1753339996.717556 sending message 112 to peer 0x55abeaf631b0 (15 bytes)
1753339996.717558 sending message 112 to peer 0x55abeaf631b0 (13 bytes)
1753339996.717560 sending message 112 to peer 0x55abeaf631b0 (10 bytes)
1753339996.717562 sending message 112 to peer 0x55abeaf631b0 (10 bytes)
1753339996.717564 sending message 112 to peer 0x55abeaf631b0 (17 bytes)
1753339996.717565 sending message 112 to peer 0x55abeaf631b0 (10 bytes)
1753339996.717567 sending message 112 to peer 0x55abeaf631b0 (13 bytes)
1753339996.717569 sending message 112 to peer 0x55abeaf631b0 (9 bytes)
1753339996.717571 sending message 112 to peer 0x55abeaf631b0 (5 bytes)
1753339996.717573 sending message 112 to peer 0x55abeaf631b0 (15 bytes)
1753339996.717576 sending message 104 to peer 0x55abeaf631b0 (0 bytes)
1753339996.717578 sending message 110 to peer 0x55abeaf631b0 (0 bytes)
1753339996.717581 sending message 107 to peer 0x55abeaf631b0 (4 bytes)
1753339996.717583 sending message 105 to peer 0x55abeaf631b0 (20 bytes)
1753339996.717585 sending message 105 to peer 0x55abeaf631b0 (54 bytes)
1753339996.717587 sending message 105 to peer 0x55abeaf631b0 (40 bytes)
1753339996.717589 sending message 105 to peer 0x55abeaf631b0 (55 bytes)
1753339996.717591 sending message 105 to peer 0x55abeaf631b0 (23 bytes)
1753339996.717592 sending message 105 to peer 0x55abeaf631b0 (11 bytes)
1753339996.717594 sending message 105 to peer 0x55abeaf631b0 (12 bytes)
1753339996.717596 sending message 105 to peer 0x55abeaf631b0 (25 bytes)
1753339996.717598 sending message 105 to peer 0x55abeaf631b0 (23 bytes)
1753339996.717600 sending message 105 to peer 0x55abeaf631b0 (20 bytes)
1753339996.717604 sending message 105 to peer 0x55abeaf631b0 (19 bytes)
1753339996.717606 sending message 105 to peer 0x55abeaf631b0 (40 bytes)
1753339996.717608 sending message 105 to peer 0x55abeaf631b0 (69 bytes)
1753339996.717610 sending message 105 to peer 0x55abeaf631b0 (23 bytes)
1753339996.717612 sending message 105 to peer 0x55abeaf631b0 (15 bytes)
1753339996.717614 sending message 105 to peer 0x55abeaf631b0 (15 bytes)
1753339996.717616 sending message 105 to peer 0x55abeaf631b0 (13 bytes)
1753339996.717617 sending message 105 to peer 0x55abeaf631b0 (43 bytes)
1753339996.717619 sending message 105 to peer 0x55abeaf631b0 (33 bytes)
1753339996.717621 sending message 105 to peer 0x55abeaf631b0 (23 bytes)
1753339996.717623 sending message 105 to peer 0x55abeaf631b0 (47 bytes)
1753339996.717625 sending message 105 to peer 0x55abeaf631b0 (23 bytes)
1753339996.717627 sending message 105 to peer 0x55abeaf631b0 (13 bytes)
1753339996.717629 sending message 105 to peer 0x55abeaf631b0 (28 bytes)
1753339996.717631 sending message 105 to peer 0x55abeaf631b0 (22 bytes)
1753339996.717633 sending message 105 to peer 0x55abeaf631b0 (21 bytes)
1753339996.717635 sending message 105 to peer 0x55abeaf631b0 (22 bytes)
1753339996.717637 sending message 105 to peer 0x55abeaf631b0 (40 bytes)
1753339996.717639 sending message 105 to peer 0x55abeaf631b0 (17 bytes)
1753339996.717641 sending message 105 to peer 0x55abeaf631b0 (60 bytes)
1753339996.717643 sending message 105 to peer 0x55abeaf631b0 (18 bytes)
1753339996.717645 sending message 105 to peer 0x55abeaf631b0 (17 bytes)
1753339996.717646 sending message 105 to peer 0x55abeaf631b0 (17 bytes)
1753339996.717648 sending message 105 to peer 0x55abeaf631b0 (24 bytes)
1753339996.717650 sending message 105 to peer 0x55abeaf631b0 (11 bytes)
1753339996.717652 sending message 105 to peer 0x55abeaf631b0 (25 bytes)
1753339996.717654 sending message 105 to peer 0x55abeaf631b0 (8 bytes)
1753339996.717656 sending message 105 to peer 0x55abeaf631b0 (35 bytes)
1753339996.717658 sending message 105 to peer 0x55abeaf631b0 (12 bytes)
1753339996.717660 sending message 105 to peer 0x55abeaf631b0 (32 bytes)
1753339996.717662 sending message 105 to peer 0x55abeaf631b0 (1911 bytes)
1753339996.717674 sending message 105 to peer 0x55abeaf631b0 (25 bytes)
1753339996.717676 sending message 105 to peer 0x55abeaf631b0 (16 bytes)
1753339996.717678 sending message 105 to peer 0x55abeaf631b0 (138 bytes)
1753339996.717680 sending message 105 to peer 0x55abeaf631b0 (51 bytes)
1753339996.717682 sending message 105 to peer 0x55abeaf631b0 (73 bytes)
1753339996.717684 sending message 105 to peer 0x55abeaf631b0 (17 bytes)
1753339996.717686 sending message 105 to peer 0x55abeaf631b0 (11 bytes)
1753339996.717688 sending message 105 to peer 0x55abeaf631b0 (50 bytes)
1753339996.717690 sending message 105 to peer 0x55abeaf631b0 (142 bytes)
1753339996.717692 sending message 105 to peer 0x55abeaf631b0 (28 bytes)
1753339996.717694 sending message 105 to peer 0x55abeaf631b0 (23 bytes)
1753339996.717695 sending message 105 to peer 0x55abeaf631b0 (35 bytes)
1753339996.717697 sending message 105 to peer 0x55abeaf631b0 (78 bytes)
1753339996.717699 sending message 105 to peer 0x55abeaf631b0 (19 bytes)
1753339996.717701 sending message 105 to peer 0x55abeaf631b0 (8 bytes)
1753339996.717703 sending message 105 to peer 0x55abeaf631b0 (33 bytes)
1753339996.717705 sending message 105 to peer 0x55abeaf631b0 (46 bytes)
1753339996.717707 sending message 105 to peer 0x55abeaf631b0 (38 bytes)
1753339996.717709 sending message 105 to peer 0x55abeaf631b0 (19 bytes)
1753339996.717711 sending message 105 to peer 0x55abeaf631b0 (26 bytes)
1753339996.717713 sending message 105 to peer 0x55abeaf631b0 (22 bytes)
1753339996.717715 sending message 105 to peer 0x55abeaf631b0 (19 bytes)
1753339996.717716 sending message 105 to peer 0x55abeaf631b0 (15 bytes)
1753339996.717718 sending message 105 to peer 0x55abeaf631b0 (35 bytes)
1753339996.717720 sending message 105 to peer 0x55abeaf631b0 (18 bytes)
1753339996.717722 sending message 105 to peer 0x55abeaf631b0 (26 bytes)
1753339996.717726 sending message 105 to peer 0x55abeaf631b0 (37 bytes)
1753339996.717728 sending message 105 to peer 0x55abeaf631b0 (13 bytes)
1753339996.717730 sending message 105 to peer 0x55abeaf631b0 (50 bytes)
1753339996.717732 sending message 105 to peer 0x55abeaf631b0 (9 bytes)
1753339996.717734 sending message 105 to peer 0x55abeaf631b0 (26 bytes)
1753339996.717736 sending message 105 to peer 0x55abeaf631b0 (18 bytes)
1753339996.717738 sending message 105 to peer 0x55abeaf631b0 (39 bytes)
1753339996.717740 sending message 105 to peer 0x55abeaf631b0 (103 bytes)
1753339996.717742 sending message 105 to peer 0x55abeaf631b0 (24 bytes)
1753339996.717744 sending message 105 to peer 0x55abeaf631b0 (118 bytes)
1753339996.717746 sending message 105 to peer 0x55abeaf631b0 (24 bytes)
1753339996.717748 sending message 105 to peer 0x55abeaf631b0 (31 bytes)
1753339996.717749 sending message 105 to peer 0x55abeaf631b0 (15 bytes)
1753339996.717751 sending message 105 to peer 0x55abeaf631b0 (52 bytes)
1753339996.717753 sending message 105 to peer 0x55abeaf631b0 (23 bytes)
1753339996.717755 sending message 105 to peer 0x55abeaf631b0 (24 bytes)
1753339996.717757 sending message 105 to peer 0x55abeaf631b0 (17 bytes)
1753339996.717759 sending message 105 to peer 0x55abeaf631b0 (58 bytes)
1753339996.717761 sending message 105 to peer 0x55abeaf631b0 (25 bytes)
1753339996.717763 sending message 105 to peer 0x55abeaf631b0 (11 bytes)
1753339996.717765 sending message 105 to peer 0x55abeaf631b0 (22 bytes)
1753339996.717767 sending message 105 to peer 0x55abeaf631b0 (24 bytes)
1753339996.717768 sending message 105 to peer 0x55abeaf631b0 (20 bytes)
1753339996.717770 sending message 105 to peer 0x55abeaf631b0 (25 bytes)
1753339996.717772 sending message 105 to peer 0x55abeaf631b0 (16 bytes)
1753339996.717774 sending message 105 to peer 0x55abeaf631b0 (97 bytes)
1753339996.717776 sending message 106 to peer 0x55abeaf631b0 (0 bytes)
1753339996.717810 sending message 200 to peer 0x55abeaf631b0 (4 bytes)
1753339996.717812 client loop enter
1753339996.718130 peer 0x55abeaf631b0 message 303
1753339996.718133 open write file 2 -
1753339996.718140 sending message 305 to peer 0x55abeaf631b0 (8 bytes)
1753339996.718145 write check file 2
1753339996.718206 peer 0x55abeaf631b0 message 304
1753339996.718208 write 58 to file 2
1753339996.718210 peer 0x55abeaf631b0 message 203
1753339996.718212 file 2 58 bytes left
1753339996.718219 write check file 2
1753339996.718221 client loop exit
